<?xml version="1.0" encoding="UTF-8"?>
<testsuite xmlns:xsi="http://www.w3.org/2001/XMLSchema-instance" xsi:schemaLocation="https://maven.apache.org/surefire/maven-surefire-plugin/xsd/surefire-test-report.xsd" name="TestSuite" time="11.304" tests="2" errors="0" skipped="0" failures="0">
  <properties>
[...]
</properties>
  <testcase name="testLogin" classname="com.forsys.rise.LoginTests.LoginTest" time="0.014"/>
  <testcase name="testLogin2" classname="com.forsys.rise.LoginTests.LoginTest" time="0.007"/>
</testsuite>