<?xml version="1.0" encoding="UTF-8"?>
<testng-results skipped="0" failed="0" total="2" passed="2">
  <reporter-output>
    <line>
      <![CDATA[Exception observed while loading instance URL or deletion of data :: java.lang.NullPointerException: null value in entry: url=null]]>
    </line>
    <line>
      <![CDATA[Exception observed while loading instance URL or deletion of data :: java.lang.NullPointerException: null value in entry: url=null]]>
    </line>
  </reporter-output>
  <suite name="Rise Test Suite" duration-ms="13932" started-at="2021-09-26T18:00:33Z" finished-at="2021-09-26T18:00:47Z">
    <groups>
      <group name="Yug">
        <method signature="LoginTest.testLogin()[pri:0, instance:com.forsys.rise.LoginTests.LoginTest@60f82f98]" name="testLogin" class="com.forsys.rise.LoginTests.LoginTest"/>
        <method signature="LoginTest.testLogin2()[pri:0, instance:com.forsys.rise.LoginTests.LoginTest@60f82f98]" name="testLogin2" class="com.forsys.rise.LoginTests.LoginTest"/>
      </group> <!-- Yug -->
    </groups>
    <test name="RISE tests" duration-ms="13932" started-at="2021-09-26T18:00:33Z" finished-at="2021-09-26T18:00:47Z">
      <class name="com.forsys.rise.LoginTests.LoginTest">
        <test-method status="PASS" signature="loadData(java.lang.String)[pri:0, instance:com.forsys.rise.LoginTests.LoginTest@60f82f98]" name="loadData" is-config="true" duration-ms="13" started-at="2021-09-26T23:30:33Z" finished-at="2021-09-26T23:30:33Z">
          <params>
            <param index="0">
              <value>
                <![CDATA[config.properties]]>
              </value>
            </param>
          </params>
          <reporter-output>
          </reporter-output>
        </test-method> <!-- loadData -->
        <test-method status="PASS" signature="LoginToAdminApp(java.lang.String, java.lang.String, java.lang.String, java.lang.String)[pri:0, instance:com.forsys.rise.LoginTests.LoginTest@60f82f98]" name="LoginToAdminApp" is-config="true" duration-ms="12908" started-at="2021-09-26T23:30:33Z" finished-at="2021-09-26T23:30:46Z">
          <params>
            <param index="0">
              <value>
                <![CDATA[false]]>
              </value>
            </param>
            <param index="1">
              <value>
                <![CDATA[config.properties]]>
              </value>
            </param>
            <param index="2">
              <value>
                <![CDATA[Chrome]]>
              </value>
            </param>
            <param index="3">
              <value>
                <![CDATA[http://localhost:4444/wd/hub]]>
              </value>
            </param>
          </params>
          <reporter-output>
          </reporter-output>
        </test-method> <!-- LoginToAdminApp -->
        <test-method status="PASS" signature="testLogin()[pri:0, instance:com.forsys.rise.LoginTests.LoginTest@60f82f98]" name="testLogin" duration-ms="17" started-at="2021-09-26T23:30:46Z" description="Test the rise Logn" finished-at="2021-09-26T23:30:46Z">
          <reporter-output>
          </reporter-output>
        </test-method> <!-- testLogin -->
        <test-method status="PASS" signature="deleteData(java.lang.reflect.Method)[pri:0, instance:com.forsys.rise.LoginTests.LoginTest@60f82f98]" name="deleteData" is-config="true" duration-ms="36" started-at="2021-09-26T23:30:46Z" finished-at="2021-09-26T23:30:46Z">
          <params>
            <param index="0">
              <value>
                <![CDATA[public void com.forsys.rise.LoginTests.LoginTest.testLogin() throws java.lang.Exception]]>
              </value>
            </param>
          </params>
          <reporter-output>
            <line>
              <![CDATA[Exception observed while loading instance URL or deletion of data :: java.lang.NullPointerException: null value in entry: url=null]]>
            </line>
          </reporter-output>
        </test-method> <!-- deleteData -->
        <test-method status="PASS" signature="testLogin2()[pri:0, instance:com.forsys.rise.LoginTests.LoginTest@60f82f98]" name="testLogin2" duration-ms="12" started-at="2021-09-26T23:30:46Z" description="Test the rise Logn" finished-at="2021-09-26T23:30:46Z">
          <reporter-output>
          </reporter-output>
        </test-method> <!-- testLogin2 -->
        <test-method status="PASS" signature="deleteData(java.lang.reflect.Method)[pri:0, instance:com.forsys.rise.LoginTests.LoginTest@60f82f98]" name="deleteData" is-config="true" duration-ms="16" started-at="2021-09-26T23:30:46Z" finished-at="2021-09-26T23:30:46Z">
          <params>
            <param index="0">
              <value>
                <![CDATA[public void com.forsys.rise.LoginTests.LoginTest.testLogin2() throws java.lang.Exception]]>
              </value>
            </param>
          </params>
          <reporter-output>
            <line>
              <![CDATA[Exception observed while loading instance URL or deletion of data :: java.lang.NullPointerException: null value in entry: url=null]]>
            </line>
          </reporter-output>
        </test-method> <!-- deleteData -->
        <test-method status="PASS" signature="tearDown()[pri:0, instance:com.forsys.rise.LoginTests.LoginTest@60f82f98]" name="tearDown" is-config="true" duration-ms="922" started-at="2021-09-26T23:30:46Z" finished-at="2021-09-26T23:30:47Z">
          <reporter-output>
          </reporter-output>
        </test-method> <!-- tearDown -->
        <test-method status="PASS" signature="deleteDataWithPrefix()[pri:0, instance:com.forsys.rise.LoginTests.LoginTest@60f82f98]" name="deleteDataWithPrefix" is-config="true" duration-ms="0" started-at="2021-09-26T23:30:47Z" finished-at="2021-09-26T23:30:47Z">
          <reporter-output>
          </reporter-output>
        </test-method> <!-- deleteDataWithPrefix -->
      </class> <!-- com.forsys.rise.LoginTests.LoginTest -->
    </test> <!-- RISE tests -->
  </suite> <!-- Rise Test Suite -->
</testng-results>
